<?xml version="1.0" encoding="UTF-8"?>
<!-- Generated by org.testng.reporters.JUnitXMLReporter -->
<testsuite ignored="0" hostname="DESKTOP-LI6VBBK" failures="1" tests="9" name="Surefire test" time="9.618" errors="0" timestamp="2025-11-14T13:44:28 CST">
  <testcase classname="qa.cindys.api.AuthApiTests" name="@BeforeClass setup" time="0.007">
    <failure type="java.lang.IllegalArgumentException" message="baseUrl system property resolved to empty.">
      <![CDATA[java.lang.IllegalArgumentException: baseUrl system property resolved to empty.
at qa.cindys.api.AuthApiTests.setup(AuthApiTests.java:25)
at java.base/java.util.ArrayList.forEach(ArrayList.java:1597)
... Removed 28 stack frames]]>
    </failure>
  </testcase> <!-- @BeforeClass setup -->
  <testcase classname="qa.cindys.api.AuthApiTests" name="duplicateEmail_signupBlocked409" time="0.0">
    <skipped/>
  </testcase> <!-- duplicateEmail_signupBlocked409 -->
  <testcase classname="qa.cindys.api.AuthApiTests" name="wrongPassword_returnsFriendlyError" time="0.0">
    <skipped/>
  </testcase> <!-- wrongPassword_returnsFriendlyError -->
  <testcase classname="qa.cindys.ui.AuthUITests" name="missingCredentials_validationShown" time="0.624"/>
  <testcase classname="qa.cindys.ui.AuthUITests" name="wrongPassword_showsFriendlyError" time="0.812"/>
  <testcase classname="qa.cindys.ui.AuthUITests" name="loginSuccess_redirectsToMenu" time="2.821"/>
  <testcase classname="qa.cindys.ui.AuthUITests" name="resetPassword_sendsEmail_orShowsFeedback" time="0.232">
    <failure type="java.lang.AssertionError" message="Expected feedback text after attempting reset expected [false] but found [true]">
      <![CDATA[java.lang.AssertionError: Expected feedback text after attempting reset expected [false] but found [true]
at qa.cindys.ui.AuthUITests.resetPassword_sendsEmail_orShowsFeedback(AuthUITests.java:142)
at java.base/java.util.ArrayList.forEach(ArrayList.java:1597)
... Removed 33 stack frames]]>
    </failure>
  </testcase> <!-- resetPassword_sendsEmail_orShowsFeedback -->
  <testcase classname="qa.cindys.ui.AuthUITests" name="authLinksHiddenAfterLogin_profileShown" time="3.688"/>
  <testcase classname="qa.cindys.unit.PasswordPolicyTests" name="acceptsStrong" time="0.0"/>
  <testcase classname="qa.cindys.unit.PasswordPolicyTests" name="rejectsWeak" time="0.0"/>
</testsuite> <!-- Surefire test -->
