<?xml version="1.0" encoding="UTF-8"?>
<!-- Generated by org.testng.reporters.JUnitReportReporter -->
<testsuite hostname="DESKTOP-LI6VBBK" failures="0" tests="2" name="qa.cindys.unit.PasswordPolicyTests" time="0.000" errors="0" timestamp="2025-11-14T13:44:28 CST" skipped="0">
  <testcase classname="qa.cindys.unit.PasswordPolicyTests" name="rejectsWeak" time="0.000"/>
  <testcase classname="qa.cindys.unit.PasswordPolicyTests" name="acceptsStrong" time="0.000"/>
</testsuite> <!-- qa.cindys.unit.PasswordPolicyTests -->
